mode: set
mnc-test/repository/merchant_repository.go:18.79,23.16 3 1
mnc-test/repository/merchant_repository.go:23.16,25.3 1 1
mnc-test/repository/merchant_repository.go:27.2,27.12 1 1
mnc-test/repository/merchant_repository.go:30.74,37.16 4 1
mnc-test/repository/merchant_repository.go:37.16,39.3 1 1
mnc-test/repository/merchant_repository.go:41.2,41.18 1 1
mnc-test/repository/merchant_repository.go:41.18,43.106 2 1
mnc-test/repository/merchant_repository.go:43.106,45.4 1 1
mnc-test/repository/merchant_repository.go:46.3,46.42 1 1
mnc-test/repository/merchant_repository.go:49.2,49.23 1 1
mnc-test/repository/merchant_repository.go:52.59,56.2 1 1
mnc-test/repository/transaction_repository.go:17.74,20.16 2 1
mnc-test/repository/transaction_repository.go:20.16,22.3 1 0
mnc-test/repository/transaction_repository.go:25.2,27.16 2 1
mnc-test/repository/transaction_repository.go:27.16,30.3 2 1
mnc-test/repository/transaction_repository.go:33.2,35.16 2 1
mnc-test/repository/transaction_repository.go:35.16,38.3 2 1
mnc-test/repository/transaction_repository.go:41.2,43.16 2 1
mnc-test/repository/transaction_repository.go:43.16,46.3 2 1
mnc-test/repository/transaction_repository.go:49.2,50.16 2 1
mnc-test/repository/transaction_repository.go:50.16,53.3 2 1
mnc-test/repository/transaction_repository.go:56.2,57.16 2 1
mnc-test/repository/transaction_repository.go:57.16,60.3 2 1
mnc-test/repository/transaction_repository.go:62.2,62.12 1 1
mnc-test/repository/transaction_repository.go:65.101,73.16 2 1
mnc-test/repository/transaction_repository.go:73.16,75.3 1 0
mnc-test/repository/transaction_repository.go:76.2,79.18 3 1
mnc-test/repository/transaction_repository.go:79.18,82.17 3 1
mnc-test/repository/transaction_repository.go:82.17,84.4 1 1
mnc-test/repository/transaction_repository.go:85.3,85.42 1 1
mnc-test/repository/transaction_repository.go:88.2,88.34 1 1
mnc-test/repository/transaction_repository.go:88.34,90.3 1 0
mnc-test/repository/transaction_repository.go:92.2,92.26 1 1
mnc-test/repository/transaction_repository.go:95.65,99.2 1 1
mnc-test/repository/transfer_repository.go:20.156,23.16 2 1
mnc-test/repository/transfer_repository.go:23.16,25.3 1 0
mnc-test/repository/transfer_repository.go:28.2,28.15 1 1
mnc-test/repository/transfer_repository.go:28.15,29.31 1 1
mnc-test/repository/transfer_repository.go:29.31,31.4 1 0
mnc-test/repository/transfer_repository.go:35.2,37.16 3 1
mnc-test/repository/transfer_repository.go:37.16,40.3 2 1
mnc-test/repository/transfer_repository.go:42.2,42.28 1 1
mnc-test/repository/transfer_repository.go:42.28,45.3 2 1
mnc-test/repository/transfer_repository.go:48.2,49.16 2 1
mnc-test/repository/transfer_repository.go:49.16,52.3 2 1
mnc-test/repository/transfer_repository.go:55.2,56.16 2 1
mnc-test/repository/transfer_repository.go:56.16,59.3 2 1
mnc-test/repository/transfer_repository.go:62.2,63.16 2 1
mnc-test/repository/transfer_repository.go:63.16,66.3 2 1
mnc-test/repository/transfer_repository.go:68.2,69.16 2 1
mnc-test/repository/transfer_repository.go:69.16,71.3 1 0
mnc-test/repository/transfer_repository.go:73.2,73.12 1 1
mnc-test/repository/transfer_repository.go:76.101,81.16 3 1
mnc-test/repository/transfer_repository.go:81.16,83.3 1 1
mnc-test/repository/transfer_repository.go:85.2,96.16 2 1
mnc-test/repository/transfer_repository.go:96.16,98.3 1 0
mnc-test/repository/transfer_repository.go:99.2,103.18 3 1
mnc-test/repository/transfer_repository.go:103.18,106.17 3 1
mnc-test/repository/transfer_repository.go:106.17,108.4 1 1
mnc-test/repository/transfer_repository.go:109.3,109.42 1 1
mnc-test/repository/transfer_repository.go:112.2,112.34 1 1
mnc-test/repository/transfer_repository.go:112.34,114.3 1 1
mnc-test/repository/transfer_repository.go:116.2,116.23 1 1
mnc-test/repository/transfer_repository.go:119.101,124.16 3 1
mnc-test/repository/transfer_repository.go:124.16,126.3 1 0
mnc-test/repository/transfer_repository.go:128.2,139.16 2 1
mnc-test/repository/transfer_repository.go:139.16,141.3 1 0
mnc-test/repository/transfer_repository.go:142.2,146.18 3 1
mnc-test/repository/transfer_repository.go:146.18,149.17 3 1
mnc-test/repository/transfer_repository.go:149.17,151.4 1 0
mnc-test/repository/transfer_repository.go:152.3,152.42 1 1
mnc-test/repository/transfer_repository.go:155.2,155.34 1 1
mnc-test/repository/transfer_repository.go:155.34,157.3 1 0
mnc-test/repository/transfer_repository.go:159.2,159.23 1 1
mnc-test/repository/transfer_repository.go:162.59,166.2 1 0
mnc-test/repository/user-credentials-repository.go:19.97,24.130 2 1
mnc-test/repository/user-credentials-repository.go:24.130,25.27 1 0
mnc-test/repository/user-credentials-repository.go:25.27,27.4 1 0
mnc-test/repository/user-credentials-repository.go:28.3,28.84 1 0
mnc-test/repository/user-credentials-repository.go:30.2,30.22 1 1
mnc-test/repository/user-credentials-repository.go:33.72,38.16 3 1
mnc-test/repository/user-credentials-repository.go:38.16,40.3 1 1
mnc-test/repository/user-credentials-repository.go:41.2,41.12 1 1
mnc-test/repository/user-credentials-repository.go:44.79,50.16 4 1
mnc-test/repository/user-credentials-repository.go:50.16,51.27 1 1
mnc-test/repository/user-credentials-repository.go:51.27,53.4 1 1
mnc-test/repository/user-credentials-repository.go:54.3,54.48 1 1
mnc-test/repository/user-credentials-repository.go:56.2,56.24 1 1
mnc-test/repository/user-credentials-repository.go:59.52,63.2 1 1
mnc-test/usecase/merchant_usecase.go:18.76,21.25 1 1
mnc-test/usecase/merchant_usecase.go:21.25,23.3 1 0
mnc-test/usecase/merchant_usecase.go:25.2,25.67 1 1
mnc-test/usecase/merchant_usecase.go:25.67,27.3 1 0
mnc-test/usecase/merchant_usecase.go:29.2,29.12 1 1
mnc-test/usecase/merchant_usecase.go:32.71,36.16 2 1
mnc-test/usecase/merchant_usecase.go:36.16,38.3 1 0
mnc-test/usecase/merchant_usecase.go:39.2,39.22 1 1
mnc-test/usecase/merchant_usecase.go:42.76,46.2 1 1
mnc-test/usecase/transaction_usecase.go:20.70,23.24 1 1
mnc-test/usecase/transaction_usecase.go:23.24,25.3 1 0
mnc-test/usecase/transaction_usecase.go:25.8,25.27 1 1
mnc-test/usecase/transaction_usecase.go:25.27,27.3 1 0
mnc-test/usecase/transaction_usecase.go:29.2,29.49 1 1
mnc-test/usecase/transaction_usecase.go:29.49,31.3 1 0
mnc-test/usecase/transaction_usecase.go:34.2,34.21 1 1
mnc-test/usecase/transaction_usecase.go:34.21,39.3 1 0
mnc-test/usecase/transaction_usecase.go:39.8,41.3 1 1
mnc-test/usecase/transaction_usecase.go:43.2,43.12 1 1
mnc-test/usecase/transaction_usecase.go:46.93,49.17 1 1
mnc-test/usecase/transaction_usecase.go:49.17,51.3 1 0
mnc-test/usecase/transaction_usecase.go:53.2,54.16 2 1
mnc-test/usecase/transaction_usecase.go:54.16,56.3 1 0
mnc-test/usecase/transaction_usecase.go:58.2,58.17 1 1
mnc-test/usecase/transaction_usecase.go:61.108,66.2 1 1
mnc-test/usecase/transfer_usecase.go:22.154,26.31 1 1
mnc-test/usecase/transfer_usecase.go:26.31,28.3 1 0
mnc-test/usecase/transfer_usecase.go:28.8,28.40 1 1
mnc-test/usecase/transfer_usecase.go:28.40,30.3 1 0
mnc-test/usecase/transfer_usecase.go:30.8,30.24 1 1
mnc-test/usecase/transfer_usecase.go:30.24,32.3 1 0
mnc-test/usecase/transfer_usecase.go:35.2,37.129 2 1
mnc-test/usecase/transfer_usecase.go:37.129,39.3 1 0
mnc-test/usecase/transfer_usecase.go:42.2,42.18 1 1
mnc-test/usecase/transfer_usecase.go:42.18,47.3 1 0
mnc-test/usecase/transfer_usecase.go:47.8,49.3 1 1
mnc-test/usecase/transfer_usecase.go:51.2,51.12 1 1
mnc-test/usecase/transfer_usecase.go:54.99,57.21 1 1
mnc-test/usecase/transfer_usecase.go:57.21,59.3 1 0
mnc-test/usecase/transfer_usecase.go:61.2,62.16 2 1
mnc-test/usecase/transfer_usecase.go:62.16,64.3 1 0
mnc-test/usecase/transfer_usecase.go:66.2,66.23 1 1
mnc-test/usecase/transfer_usecase.go:69.99,71.21 1 1
mnc-test/usecase/transfer_usecase.go:71.21,73.3 1 0
mnc-test/usecase/transfer_usecase.go:75.2,76.16 2 1
mnc-test/usecase/transfer_usecase.go:76.16,78.3 1 0
mnc-test/usecase/transfer_usecase.go:80.2,80.24 1 1
mnc-test/usecase/transfer_usecase.go:83.96,88.2 1 1
mnc-test/usecase/user-credentials-usecase.go:28.80,34.26 2 1
mnc-test/usecase/user-credentials-usecase.go:34.26,36.3 1 1
mnc-test/usecase/user-credentials-usecase.go:38.2,38.29 1 1
mnc-test/usecase/user-credentials-usecase.go:38.29,40.3 1 1
mnc-test/usecase/user-credentials-usecase.go:43.2,43.54 1 1
mnc-test/usecase/user-credentials-usecase.go:43.54,45.3 1 0
mnc-test/usecase/user-credentials-usecase.go:50.2,50.32 1 1
mnc-test/usecase/user-credentials-usecase.go:50.32,52.3 1 1
mnc-test/usecase/user-credentials-usecase.go:53.2,53.58 1 1
mnc-test/usecase/user-credentials-usecase.go:53.58,55.3 1 1
mnc-test/usecase/user-credentials-usecase.go:57.2,57.60 1 1
mnc-test/usecase/user-credentials-usecase.go:57.60,59.3 1 1
mnc-test/usecase/user-credentials-usecase.go:61.2,61.59 1 1
mnc-test/usecase/user-credentials-usecase.go:61.59,63.3 1 1
mnc-test/usecase/user-credentials-usecase.go:66.2,67.16 2 1
mnc-test/usecase/user-credentials-usecase.go:67.16,69.3 1 0
mnc-test/usecase/user-credentials-usecase.go:71.2,73.57 2 1
mnc-test/usecase/user-credentials-usecase.go:73.57,75.3 1 0
mnc-test/usecase/user-credentials-usecase.go:78.2,78.18 1 1
mnc-test/usecase/user-credentials-usecase.go:78.18,82.3 1 0
mnc-test/usecase/user-credentials-usecase.go:82.8,84.3 1 1
mnc-test/usecase/user-credentials-usecase.go:86.2,86.12 1 1
mnc-test/usecase/user-credentials-usecase.go:89.87,92.26 1 0
mnc-test/usecase/user-credentials-usecase.go:92.26,94.3 1 0
mnc-test/usecase/user-credentials-usecase.go:94.8,94.36 1 0
mnc-test/usecase/user-credentials-usecase.go:94.36,96.3 1 0
mnc-test/usecase/user-credentials-usecase.go:98.2,99.16 2 0
mnc-test/usecase/user-credentials-usecase.go:99.17,101.3 0 0
mnc-test/usecase/user-credentials-usecase.go:103.2,103.81 1 0
mnc-test/usecase/user-credentials-usecase.go:103.81,105.3 1 0
mnc-test/usecase/user-credentials-usecase.go:108.2,112.18 3 0
mnc-test/usecase/user-credentials-usecase.go:112.18,115.3 1 0
mnc-test/usecase/user-credentials-usecase.go:115.8,117.3 1 0
mnc-test/usecase/user-credentials-usecase.go:119.2,119.25 1 0
mnc-test/usecase/user-credentials-usecase.go:122.105,125.17 1 1
mnc-test/usecase/user-credentials-usecase.go:125.17,127.3 1 1
mnc-test/usecase/user-credentials-usecase.go:129.2,130.16 2 1
mnc-test/usecase/user-credentials-usecase.go:130.16,132.3 1 1
mnc-test/usecase/user-credentials-usecase.go:134.2,134.18 1 1
mnc-test/usecase/user-credentials-usecase.go:137.78,142.17 2 0
mnc-test/usecase/user-credentials-usecase.go:142.17,144.3 1 0
mnc-test/usecase/user-credentials-usecase.go:147.2,151.12 4 0
mnc-test/usecase/user-credentials-usecase.go:154.100,161.2 1 1
