mode: set
mnc-test/repository/merchant_repository.go:18.79,23.16 3 1
mnc-test/repository/merchant_repository.go:23.16,25.3 1 1
mnc-test/repository/merchant_repository.go:27.2,27.12 1 1
mnc-test/repository/merchant_repository.go:30.74,37.16 4 1
mnc-test/repository/merchant_repository.go:37.16,39.3 1 1
mnc-test/repository/merchant_repository.go:41.2,41.18 1 1
mnc-test/repository/merchant_repository.go:41.18,43.106 2 1
mnc-test/repository/merchant_repository.go:43.106,45.4 1 1
mnc-test/repository/merchant_repository.go:46.3,46.42 1 1
mnc-test/repository/merchant_repository.go:49.2,49.23 1 1
mnc-test/repository/merchant_repository.go:52.59,56.2 1 1
mnc-test/repository/transaction_repository.go:17.74,20.16 2 1
mnc-test/repository/transaction_repository.go:20.16,22.3 1 0
mnc-test/repository/transaction_repository.go:25.2,27.16 2 1
mnc-test/repository/transaction_repository.go:27.16,30.3 2 1
mnc-test/repository/transaction_repository.go:33.2,35.16 2 1
mnc-test/repository/transaction_repository.go:35.16,38.3 2 1
mnc-test/repository/transaction_repository.go:41.2,43.16 2 1
mnc-test/repository/transaction_repository.go:43.16,46.3 2 1
mnc-test/repository/transaction_repository.go:49.2,50.16 2 1
mnc-test/repository/transaction_repository.go:50.16,53.3 2 1
mnc-test/repository/transaction_repository.go:56.2,57.16 2 1
mnc-test/repository/transaction_repository.go:57.16,60.3 2 1
mnc-test/repository/transaction_repository.go:62.2,62.12 1 1
mnc-test/repository/transaction_repository.go:65.101,73.16 2 1
mnc-test/repository/transaction_repository.go:73.16,75.3 1 0
mnc-test/repository/transaction_repository.go:76.2,79.18 3 1
mnc-test/repository/transaction_repository.go:79.18,82.17 3 1
mnc-test/repository/transaction_repository.go:82.17,84.4 1 1
mnc-test/repository/transaction_repository.go:85.3,85.42 1 1
mnc-test/repository/transaction_repository.go:88.2,88.34 1 1
mnc-test/repository/transaction_repository.go:88.34,90.3 1 0
mnc-test/repository/transaction_repository.go:92.2,92.26 1 1
mnc-test/repository/transaction_repository.go:95.65,99.2 1 1
mnc-test/repository/transfer_repository.go:20.156,23.16 2 1
mnc-test/repository/transfer_repository.go:23.16,25.3 1 0
mnc-test/repository/transfer_repository.go:28.2,28.15 1 1
mnc-test/repository/transfer_repository.go:28.15,29.31 1 1
mnc-test/repository/transfer_repository.go:29.31,31.4 1 0
mnc-test/repository/transfer_repository.go:35.2,37.16 3 1
mnc-test/repository/transfer_repository.go:37.16,40.3 2 1
mnc-test/repository/transfer_repository.go:42.2,42.28 1 1
mnc-test/repository/transfer_repository.go:42.28,45.3 2 1
mnc-test/repository/transfer_repository.go:48.2,49.16 2 1
mnc-test/repository/transfer_repository.go:49.16,52.3 2 1
mnc-test/repository/transfer_repository.go:55.2,56.16 2 1
mnc-test/repository/transfer_repository.go:56.16,59.3 2 1
mnc-test/repository/transfer_repository.go:62.2,63.16 2 1
mnc-test/repository/transfer_repository.go:63.16,66.3 2 1
mnc-test/repository/transfer_repository.go:68.2,69.16 2 1
mnc-test/repository/transfer_repository.go:69.16,71.3 1 0
mnc-test/repository/transfer_repository.go:73.2,73.12 1 1
mnc-test/repository/transfer_repository.go:76.101,81.16 3 1
mnc-test/repository/transfer_repository.go:81.16,83.3 1 1
mnc-test/repository/transfer_repository.go:85.2,96.16 2 1
mnc-test/repository/transfer_repository.go:96.16,98.3 1 0
mnc-test/repository/transfer_repository.go:99.2,103.18 3 1
mnc-test/repository/transfer_repository.go:103.18,106.17 3 1
mnc-test/repository/transfer_repository.go:106.17,108.4 1 1
mnc-test/repository/transfer_repository.go:109.3,109.42 1 1
mnc-test/repository/transfer_repository.go:112.2,112.34 1 1
mnc-test/repository/transfer_repository.go:112.34,114.3 1 1
mnc-test/repository/transfer_repository.go:116.2,116.23 1 1
mnc-test/repository/transfer_repository.go:119.101,124.16 3 1
mnc-test/repository/transfer_repository.go:124.16,126.3 1 0
mnc-test/repository/transfer_repository.go:128.2,139.16 2 1
mnc-test/repository/transfer_repository.go:139.16,141.3 1 0
mnc-test/repository/transfer_repository.go:142.2,146.18 3 1
mnc-test/repository/transfer_repository.go:146.18,149.17 3 1
mnc-test/repository/transfer_repository.go:149.17,151.4 1 0
mnc-test/repository/transfer_repository.go:152.3,152.42 1 1
mnc-test/repository/transfer_repository.go:155.2,155.34 1 1
mnc-test/repository/transfer_repository.go:155.34,157.3 1 0
mnc-test/repository/transfer_repository.go:159.2,159.23 1 1
mnc-test/repository/transfer_repository.go:162.59,166.2 1 0
mnc-test/repository/user-credentials-repository.go:19.97,24.130 2 1
mnc-test/repository/user-credentials-repository.go:24.130,25.27 1 0
mnc-test/repository/user-credentials-repository.go:25.27,27.4 1 0
mnc-test/repository/user-credentials-repository.go:28.3,28.84 1 0
mnc-test/repository/user-credentials-repository.go:30.2,30.22 1 1
mnc-test/repository/user-credentials-repository.go:33.72,38.16 3 1
mnc-test/repository/user-credentials-repository.go:38.16,40.3 1 1
mnc-test/repository/user-credentials-repository.go:41.2,41.12 1 1
mnc-test/repository/user-credentials-repository.go:44.79,50.16 4 1
mnc-test/repository/user-credentials-repository.go:50.16,51.27 1 1
mnc-test/repository/user-credentials-repository.go:51.27,53.4 1 1
mnc-test/repository/user-credentials-repository.go:54.3,54.48 1 1
mnc-test/repository/user-credentials-repository.go:56.2,56.24 1 1
mnc-test/repository/user-credentials-repository.go:59.52,63.2 1 1
mnc-test/usecase/merchant_usecase.go:18.76,21.25 1 1
mnc-test/usecase/merchant_usecase.go:21.25,23.3 1 0
mnc-test/usecase/merchant_usecase.go:25.2,25.67 1 1
mnc-test/usecase/merchant_usecase.go:25.67,27.3 1 0
mnc-test/usecase/merchant_usecase.go:29.2,29.12 1 1
mnc-test/usecase/merchant_usecase.go:32.71,36.16 2 1
mnc-test/usecase/merchant_usecase.go:36.16,38.3 1 0
mnc-test/usecase/merchant_usecase.go:39.2,39.22 1 1
mnc-test/usecase/merchant_usecase.go:42.76,46.2 1 1
mnc-test/usecase/transaction_usecase.go:19.70,22.24 1 1
mnc-test/usecase/transaction_usecase.go:22.24,24.3 1 0
mnc-test/usecase/transaction_usecase.go:24.8,24.27 1 1
mnc-test/usecase/transaction_usecase.go:24.27,26.3 1 0
mnc-test/usecase/transaction_usecase.go:29.2,31.49 2 1
mnc-test/usecase/transaction_usecase.go:31.49,33.3 1 0
mnc-test/usecase/transaction_usecase.go:35.2,35.12 1 1
mnc-test/usecase/transaction_usecase.go:38.93,41.17 1 1
mnc-test/usecase/transaction_usecase.go:41.17,43.3 1 0
mnc-test/usecase/transaction_usecase.go:45.2,46.16 2 1
mnc-test/usecase/transaction_usecase.go:46.16,48.3 1 0
mnc-test/usecase/transaction_usecase.go:50.2,50.17 1 1
mnc-test/usecase/transaction_usecase.go:53.88,57.2 1 1
mnc-test/usecase/transfer_usecase.go:20.142,24.31 1 1
mnc-test/usecase/transfer_usecase.go:24.31,26.3 1 0
mnc-test/usecase/transfer_usecase.go:26.8,26.40 1 1
mnc-test/usecase/transfer_usecase.go:26.40,28.3 1 0
mnc-test/usecase/transfer_usecase.go:28.8,28.24 1 1
mnc-test/usecase/transfer_usecase.go:28.24,30.3 1 0
mnc-test/usecase/transfer_usecase.go:33.2,35.129 2 1
mnc-test/usecase/transfer_usecase.go:35.129,37.3 1 0
mnc-test/usecase/transfer_usecase.go:39.2,39.27 1 1
mnc-test/usecase/transfer_usecase.go:42.99,45.21 1 1
mnc-test/usecase/transfer_usecase.go:45.21,47.3 1 0
mnc-test/usecase/transfer_usecase.go:49.2,50.16 2 1
mnc-test/usecase/transfer_usecase.go:50.16,52.3 1 0
mnc-test/usecase/transfer_usecase.go:54.2,54.23 1 1
mnc-test/usecase/transfer_usecase.go:57.99,59.21 1 1
mnc-test/usecase/transfer_usecase.go:59.21,61.3 1 0
mnc-test/usecase/transfer_usecase.go:63.2,64.16 2 1
mnc-test/usecase/transfer_usecase.go:64.16,66.3 1 0
mnc-test/usecase/transfer_usecase.go:68.2,68.24 1 1
mnc-test/usecase/transfer_usecase.go:71.79,75.2 1 1
mnc-test/usecase/user-credentials-usecase.go:28.80,34.26 2 1
mnc-test/usecase/user-credentials-usecase.go:34.26,36.3 1 1
mnc-test/usecase/user-credentials-usecase.go:38.2,38.29 1 1
mnc-test/usecase/user-credentials-usecase.go:38.29,40.3 1 1
mnc-test/usecase/user-credentials-usecase.go:43.2,43.54 1 1
mnc-test/usecase/user-credentials-usecase.go:43.54,45.3 1 0
mnc-test/usecase/user-credentials-usecase.go:50.2,50.32 1 1
mnc-test/usecase/user-credentials-usecase.go:50.32,52.3 1 1
mnc-test/usecase/user-credentials-usecase.go:53.2,53.58 1 1
mnc-test/usecase/user-credentials-usecase.go:53.58,55.3 1 1
mnc-test/usecase/user-credentials-usecase.go:57.2,57.60 1 1
mnc-test/usecase/user-credentials-usecase.go:57.60,59.3 1 1
mnc-test/usecase/user-credentials-usecase.go:61.2,61.59 1 1
mnc-test/usecase/user-credentials-usecase.go:61.59,63.3 1 1
mnc-test/usecase/user-credentials-usecase.go:66.2,67.16 2 1
mnc-test/usecase/user-credentials-usecase.go:67.16,69.3 1 0
mnc-test/usecase/user-credentials-usecase.go:71.2,72.57 2 1
mnc-test/usecase/user-credentials-usecase.go:72.57,74.3 1 0
mnc-test/usecase/user-credentials-usecase.go:76.2,76.12 1 1
mnc-test/usecase/user-credentials-usecase.go:79.87,82.26 1 0
mnc-test/usecase/user-credentials-usecase.go:82.26,84.3 1 0
mnc-test/usecase/user-credentials-usecase.go:84.8,84.36 1 0
mnc-test/usecase/user-credentials-usecase.go:84.36,86.3 1 0
mnc-test/usecase/user-credentials-usecase.go:88.2,89.16 2 0
mnc-test/usecase/user-credentials-usecase.go:89.17,91.3 0 0
mnc-test/usecase/user-credentials-usecase.go:93.2,93.81 1 0
mnc-test/usecase/user-credentials-usecase.go:93.81,95.3 1 0
mnc-test/usecase/user-credentials-usecase.go:98.2,101.25 3 0
mnc-test/usecase/user-credentials-usecase.go:104.105,107.17 1 1
mnc-test/usecase/user-credentials-usecase.go:107.17,109.3 1 1
mnc-test/usecase/user-credentials-usecase.go:111.2,112.16 2 1
mnc-test/usecase/user-credentials-usecase.go:112.16,114.3 1 1
mnc-test/usecase/user-credentials-usecase.go:116.2,116.18 1 1
mnc-test/usecase/user-credentials-usecase.go:119.78,122.17 2 0
mnc-test/usecase/user-credentials-usecase.go:122.17,124.3 1 0
mnc-test/usecase/user-credentials-usecase.go:127.2,131.12 4 0
mnc-test/usecase/user-credentials-usecase.go:134.120,139.2 1 1
